<?xml version="1.0" encoding="UTF-8"?>
<!-- Generated by org.testng.reporters.JUnitReportReporter -->
<testsuite hostname="Shahsport" name="runner.productfilter.productfilter" tests="1" failures="0" timestamp="22 Jul 2018 15:51:52 GMT" time="29.660" errors="0">
  <testcase name="feature" time="29.660" classname="runner.productfilter.productfilter"/>
</testsuite> <!-- runner.productfilter.productfilter -->
