<?xml version="1.0" encoding="UTF-8"?>
<!-- Generated by org.testng.reporters.JUnitReportReporter -->
<testsuite hostname="Shahsport" name="runner.contactus.contactus" tests="1" failures="0" timestamp="22 Jul 2018 15:47:05 GMT" time="45.034" errors="0">
  <testcase name="feature" time="45.034" classname="runner.contactus.contactus"/>
</testsuite> <!-- runner.contactus.contactus -->
