<?xml version="1.0" encoding="UTF-8"?>
<!-- Generated by org.testng.reporters.JUnitReportReporter -->
<testsuite hostname="Shahsport" name="runner.subscribenewsletter.subscribenewsletter" tests="1" failures="0" timestamp="22 Jul 2018 14:27:46 GMT" time="31.118" errors="0">
  <testcase name="feature" time="31.118" classname="runner.subscribenewsletter.subscribenewsletter"/>
</testsuite> <!-- runner.subscribenewsletter.subscribenewsletter -->
